# Logfile created on 2013-07-21 19:12:47 +1000 by logger.rb/31641
MONGODB [DEBUG] Logging level is currently :debug which could negatively impact client-side performance. You should set your logging level no lower than :info in production.
MONGODB (2.5ms) admin['$cmd'].find({:ismaster=>1}).limit(-1)
MONGODB (0.3ms) admin['$cmd'].find({:ismaster=>1}).limit(-1)
MONGODB [DEBUG] Logging level is currently :debug which could negatively impact client-side performance. You should set your logging level no lower than :info in production.
MONGODB (0.4ms) admin['$cmd'].find({:ismaster=>1}).limit(-1)
MONGODB (0.2ms) admin['$cmd'].find({:ismaster=>1}).limit(-1)
MONGODB [DEBUG] Logging level is currently :debug which could negatively impact client-side performance. You should set your logging level no lower than :info in production.
MONGODB (0.4ms) admin['$cmd'].find({:ismaster=>1}).limit(-1)
MONGODB (0.2ms) admin['$cmd'].find({:ismaster=>1}).limit(-1)
MONGODB (0.6ms) sms-voting-game-2-development['participants'].update({:_id=>BSON::ObjectId('51eba64bd6a3df689d000001')}, {"_id"=>BSON::ObjectId('51eba64bd6a3df689d000001'), "voted_for_by"=>[], "_type"=>"Participant", "email"=>"dom@dom.com"})
MONGODB [DEBUG] Logging level is currently :debug which could negatively impact client-side performance. You should set your logging level no lower than :info in production.
MONGODB (0.5ms) admin['$cmd'].find({:ismaster=>1}).limit(-1)
MONGODB (0.3ms) admin['$cmd'].find({:ismaster=>1}).limit(-1)
MONGODB (0.7ms) sms-voting-game-2-development['participants'].update({:_id=>BSON::ObjectId('51eba64dd6a3df68b1000001')}, {"_id"=>BSON::ObjectId('51eba64dd6a3df68b1000001'), "voted_for_by"=>[], "_type"=>"Participant", "email"=>"dom@dom.com"})
MONGODB [DEBUG] Logging level is currently :debug which could negatively impact client-side performance. You should set your logging level no lower than :info in production.
MONGODB (0.4ms) admin['$cmd'].find({:ismaster=>1}).limit(-1)
MONGODB (0.2ms) admin['$cmd'].find({:ismaster=>1}).limit(-1)
MONGODB (0.6ms) sms-voting-game-2-development['participants'].update({:_id=>BSON::ObjectId('51eba66cd6a3df68fc000001')}, {"_id"=>BSON::ObjectId('51eba66cd6a3df68fc000001'), "voted_for_by"=>[], "_type"=>"Participant", "email"=>"dom@dom.com"})
MONGODB [DEBUG] Logging level is currently :debug which could negatively impact client-side performance. You should set your logging level no lower than :info in production.
MONGODB (0.4ms) admin['$cmd'].find({:ismaster=>1}).limit(-1)
MONGODB (0.2ms) admin['$cmd'].find({:ismaster=>1}).limit(-1)
MONGODB (0.6ms) sms-voting-game-2-development['participants'].update({:_id=>BSON::ObjectId('51eba66fd6a3df6910000001')}, {"_id"=>BSON::ObjectId('51eba66fd6a3df6910000001'), "voted_for_by"=>[], "_type"=>"Participant", "email"=>"dom@dom.com"})
MONGODB [DEBUG] Logging level is currently :debug which could negatively impact client-side performance. You should set your logging level no lower than :info in production.
MONGODB (0.4ms) admin['$cmd'].find({:ismaster=>1}).limit(-1)
MONGODB (0.3ms) admin['$cmd'].find({:ismaster=>1}).limit(-1)
MONGODB (2.3ms) sms-voting-game-2-development['participants'].update({:_id=>BSON::ObjectId('51eba84ad6a3df6ac7000001')}, {"_id"=>BSON::ObjectId('51eba84ad6a3df6ac7000001'), "voted_for_by"=>[], "_type"=>"EmailParticipant", "email"=>"dom@dom.com"})
MONGODB (0.2ms) sms-voting-game-2-development['participants'].update({:_id=>BSON::ObjectId('51eba84ad6a3df6ac7000002')}, {"_id"=>BSON::ObjectId('51eba84ad6a3df6ac7000002'), "voted_for_by"=>[], "_type"=>"EmailParticipant", "email"=>"dom@dom.com"})
MONGODB [DEBUG] Logging level is currently :debug which could negatively impact client-side performance. You should set your logging level no lower than :info in production.
MONGODB (0.5ms) admin['$cmd'].find({:ismaster=>1}).limit(-1)
MONGODB (0.2ms) admin['$cmd'].find({:ismaster=>1}).limit(-1)
MONGODB (0.7ms) sms-voting-game-2-development['participants'].update({:_id=>BSON::ObjectId('51eba8f2d6a3df6b8d000001')}, {"_id"=>BSON::ObjectId('51eba8f2d6a3df6b8d000001'), "voted_for_by"=>[], "_type"=>"EmailParticipant", "email"=>"dom@dom.com"})
MONGODB (0.1ms) sms-voting-game-2-development['participants'].update({:_id=>BSON::ObjectId('51eba8f2d6a3df6b8d000002')}, {"_id"=>BSON::ObjectId('51eba8f2d6a3df6b8d000002'), "voted_for_by"=>[], "_type"=>"EmailParticipant", "email"=>"dom@dom.com"})
MONGODB (0.1ms) sms-voting-game-2-development['participants'].update({:_id=>BSON::ObjectId('51eba8f2d6a3df6b8d000003')}, {"_id"=>BSON::ObjectId('51eba8f2d6a3df6b8d000003'), "voted_for_by"=>[], "_type"=>"EmailParticipant", "email"=>"dom1@dom1.com"})
MONGODB (0.5ms) sms-voting-game-2-development['participants'].find({:_type=>{"$in"=>["EmailParticipant"]}})
MONGODB (0.5ms) sms-voting-game-2-development['participants'].find({:_type=>{"$in"=>["EmailParticipant"]}})
MONGODB [DEBUG] Logging level is currently :debug which could negatively impact client-side performance. You should set your logging level no lower than :info in production.
MONGODB (0.4ms) admin['$cmd'].find({:ismaster=>1}).limit(-1)
MONGODB (0.2ms) admin['$cmd'].find({:ismaster=>1}).limit(-1)
MONGODB [DEBUG] Logging level is currently :debug which could negatively impact client-side performance. You should set your logging level no lower than :info in production.
MONGODB (0.4ms) admin['$cmd'].find({:ismaster=>1}).limit(-1)
MONGODB (0.2ms) admin['$cmd'].find({:ismaster=>1}).limit(-1)
MONGODB (1.0ms) sms-voting-game-2-development['system.namespaces'].find({})
MONGODB (0.1ms) sms-voting-game-2-development['participants'].remove({})
MONGODB (0.1ms) sms-voting-game-2-development['participants'].update({:_id=>BSON::ObjectId('51eba9b3d6a3df6c0b000001')}, {"_id"=>BSON::ObjectId('51eba9b3d6a3df6c0b000001'), "voted_for_by"=>[], "_type"=>"EmailParticipant", "email"=>"dom@dom.com"})
MONGODB (0.5ms) sms-voting-game-2-development['system.namespaces'].find({})
MONGODB (0.0ms) sms-voting-game-2-development['participants'].remove({})
MONGODB (0.1ms) sms-voting-game-2-development['participants'].update({:_id=>BSON::ObjectId('51eba9b3d6a3df6c0b000002')}, {"_id"=>BSON::ObjectId('51eba9b3d6a3df6c0b000002'), "voted_for_by"=>[], "_type"=>"EmailParticipant", "email"=>"dom@dom.com"})
MONGODB (0.0ms) sms-voting-game-2-development['participants'].update({:_id=>BSON::ObjectId('51eba9b3d6a3df6c0b000003')}, {"_id"=>BSON::ObjectId('51eba9b3d6a3df6c0b000003'), "voted_for_by"=>[], "_type"=>"EmailParticipant", "email"=>"dom1@dom1.com"})
MONGODB (0.4ms) sms-voting-game-2-development['participants'].find({:_type=>{"$in"=>["EmailParticipant"]}})
MONGODB (0.3ms) sms-voting-game-2-development['participants'].find({:_type=>{"$in"=>["EmailParticipant"]}})
MONGODB (0.3ms) sms-voting-game-2-development['system.namespaces'].find({})
MONGODB (0.0ms) sms-voting-game-2-development['participants'].remove({})
MONGODB (0.5ms) sms-voting-game-2-development['system.namespaces'].find({})
MONGODB (0.1ms) sms-voting-game-2-development['participants'].remove({})
MONGODB (0.5ms) sms-voting-game-2-development['system.namespaces'].find({})
MONGODB (0.1ms) sms-voting-game-2-development['participants'].remove({})
MONGODB [DEBUG] Logging level is currently :debug which could negatively impact client-side performance. You should set your logging level no lower than :info in production.
MONGODB (0.4ms) admin['$cmd'].find({:ismaster=>1}).limit(-1)
MONGODB (0.2ms) admin['$cmd'].find({:ismaster=>1}).limit(-1)
MONGODB (0.6ms) sms-voting-game-2-development['participants'].update({:_id=>BSON::ObjectId('51eba9bbd6a3df6c29000001')}, {"_id"=>BSON::ObjectId('51eba9bbd6a3df6c29000001'), "voted_for_by"=>[], "_type"=>"EmailParticipant", "email"=>"dom@dom.com"})
MONGODB (0.1ms) sms-voting-game-2-development['participants'].update({:_id=>BSON::ObjectId('51eba9bbd6a3df6c29000002')}, {"_id"=>BSON::ObjectId('51eba9bbd6a3df6c29000002'), "voted_for_by"=>[], "_type"=>"EmailParticipant", "email"=>"dom@dom.com"})
MONGODB (0.0ms) sms-voting-game-2-development['participants'].update({:_id=>BSON::ObjectId('51eba9bbd6a3df6c29000003')}, {"_id"=>BSON::ObjectId('51eba9bbd6a3df6c29000003'), "voted_for_by"=>[], "_type"=>"EmailParticipant", "email"=>"dom1@dom1.com"})
MONGODB (0.5ms) sms-voting-game-2-development['participants'].find({:_type=>{"$in"=>["EmailParticipant"]}})
MONGODB (0.4ms) sms-voting-game-2-development['participants'].find({:_type=>{"$in"=>["EmailParticipant"]}})
MONGODB [DEBUG] Logging level is currently :debug which could negatively impact client-side performance. You should set your logging level no lower than :info in production.
MONGODB (0.5ms) admin['$cmd'].find({:ismaster=>1}).limit(-1)
MONGODB (0.4ms) admin['$cmd'].find({:ismaster=>1}).limit(-1)
MONGODB (1.0ms) sms-voting-game-2-development['system.namespaces'].find({})
MONGODB (0.1ms) sms-voting-game-2-development['participants'].remove({})
MONGODB (0.1ms) sms-voting-game-2-development['participants'].update({:_id=>BSON::ObjectId('51eba9bed6a3df6c40000001')}, {"_id"=>BSON::ObjectId('51eba9bed6a3df6c40000001'), "voted_for_by"=>[], "_type"=>"EmailParticipant", "email"=>"dom@dom.com"})
MONGODB (0.5ms) sms-voting-game-2-development['system.namespaces'].find({})
MONGODB (0.1ms) sms-voting-game-2-development['participants'].remove({})
MONGODB (0.1ms) sms-voting-game-2-development['participants'].update({:_id=>BSON::ObjectId('51eba9bed6a3df6c40000002')}, {"_id"=>BSON::ObjectId('51eba9bed6a3df6c40000002'), "voted_for_by"=>[], "_type"=>"EmailParticipant", "email"=>"dom@dom.com"})
MONGODB (0.1ms) sms-voting-game-2-development['participants'].update({:_id=>BSON::ObjectId('51eba9bed6a3df6c40000003')}, {"_id"=>BSON::ObjectId('51eba9bed6a3df6c40000003'), "voted_for_by"=>[], "_type"=>"EmailParticipant", "email"=>"dom1@dom1.com"})
MONGODB (0.4ms) sms-voting-game-2-development['participants'].find({:_type=>{"$in"=>["EmailParticipant"]}})
MONGODB (0.4ms) sms-voting-game-2-development['participants'].find({:_type=>{"$in"=>["EmailParticipant"]}})
MONGODB (0.4ms) sms-voting-game-2-development['system.namespaces'].find({})
MONGODB (0.0ms) sms-voting-game-2-development['participants'].remove({})
MONGODB (0.5ms) sms-voting-game-2-development['system.namespaces'].find({})
MONGODB (0.1ms) sms-voting-game-2-development['participants'].remove({})
MONGODB (0.5ms) sms-voting-game-2-development['system.namespaces'].find({})
MONGODB (0.1ms) sms-voting-game-2-development['participants'].remove({})
